<?xml version="1.0" encoding="UTF-8"?>
<!-- Generated by org.testng.reporters.JUnitReportReporter -->
<testsuite hostname="DESKTOP-M1H2EC0" failures="0" tests="5" name="readbilityworks.excelnobroker" time="46.591" errors="0" timestamp="2023-09-14T18:09:48 IST" skipped="0">
  <testcase classname="readbilityworks.excelnobroker" name="location" time="12.680"/>
  <testcase classname="readbilityworks.excelnobroker" name="search" time="12.166"/>
  <testcase classname="readbilityworks.excelnobroker" name="getValues" time="4.194"/>
  <testcase classname="readbilityworks.excelnobroker" name="sortbyoldestfirst" time="8.618"/>
  <testcase classname="readbilityworks.excelnobroker" name="sortbyrent" time="8.933"/>
</testsuite> <!-- readbilityworks.excelnobroker -->
