<?xml version="1.0" encoding="UTF-8"?>
<!-- Generated by org.testng.reporters.JUnitReportReporter -->
<testsuite hostname="DESKTOP-M1H2EC0" failures="0" tests="6" name="readbilityworks.readnobroker" time="46.107" errors="0" timestamp="2023-09-01T14:44:37 IST" skipped="1">
  <testcase classname="readbilityworks.readnobroker" name="location" time="13.156"/>
  <testcase classname="readbilityworks.readnobroker" name="search" time="12.234"/>
  <testcase classname="readbilityworks.readnobroker" name="getValues" time="4.498"/>
  <testcase classname="readbilityworks.readnobroker" name="sortbyoldestfirst" time="8.906"/>
  <testcase classname="readbilityworks.readnobroker" name="sortbyrent" time="7.313"/>
  <testcase classname="readbilityworks.readnobroker" name="chatbox">
    <skipped/>
  </testcase> <!-- chatbox -->
</testsuite> <!-- readbilityworks.readnobroker -->
